emit_pnode visiting 0x10a7df200 kind=2 id=1671 succs=1 is_closer=1 prim=-1 target=_CG_f_1336_59
emit_pnode visiting 0x10a7df800 kind=4 id=1668 succs=1 is_closer=0 prim=-1 target=
emit_pnode visiting 0x10a7dfc00 kind=2 id=1666 succs=1 is_closer=0 prim=1 target=
emit_pnode visiting 0x10a7dd000 kind=2 id=1664 succs=1 is_closer=0 prim=-1 target=_CG_f_1232_50
emit_pnode visiting 0x10a7dd600 kind=3 id=1661 succs=2 is_closer=1 prim=-1 target=
emit_block_terminator for Code_IF 0x10a7dd600. Insert block is: L160
Code_IF 0x10a7dd600: succ0=0x10a7e0800 (t_bb=0x10ad62370), succ1=0x10a7ddc00 (f_bb=0x10ad62320)
--- DUMPING L224 RIGHT AFTER CreateCondBr ---

L160:                                             ; preds = %entry
  %5 = load ptr, ptr %1, align 8
  %6 = call i1 @_CG_f_1232_50(ptr %5)
  br i1 %6, label %t_edge, label %f_edge
---------------------------------------------
emit_pnode visiting 0x10a7e0800 kind=4 id=1676 succs=1 is_closer=0 prim=-1 target=
emit_pnode visiting 0x10a7e0a00 kind=2 id=1675 succs=1 is_closer=0 prim=1 target=
emit_pnode visiting 0x10a7e0e00 kind=2 id=1673 succs=1 is_closer=0 prim=-1 target=_CG_f_1246_53
emit_pnode visiting 0x10a7df400 kind=1 id=1670 succs=1 is_closer=0 prim=-1 target=
emit_pnode visiting 0x10a7dfa00 kind=2 id=1667 succs=1 is_closer=0 prim=29 target=
emit_pnode visiting 0x10a7dfe00 kind=2 id=1665 succs=1 is_closer=0 prim=1 target=
emit_pnode visiting 0x10a7dd200 kind=2 id=1663 succs=1 is_closer=0 prim=-1 target=_CG_f_299_64
emit_pnode visiting 0x10a7dda00 kind=3 id=1659 succs=2 is_closer=1 prim=-1 target=
emit_block_terminator for Code_IF 0x10a7dda00. Insert block is: L224
Code_IF 0x10a7dda00: succ0=0x10a7dde00 (t_bb=0x10ad62280), succ1=0x10a7e0c00 (f_bb=0x10ad62230)
--- DUMPING L224 RIGHT AFTER CreateCondBr ---

L224:                                             ; preds = %t_edge
  %7 = load ptr, ptr %1, align 8
  %8 = call i64 @_CG_f_1246_53(ptr %7)
  %9 = icmp eq i64 %8, 0
  %10 = call i1 @_CG_f_299_64(i1 %9)
  br i1 %10, label %t_edge1, label %f_edge2
---------------------------------------------
emit_pnode visiting 0x10a7dde00 kind=4 id=1657 succs=1 is_closer=0 prim=-1 target=
emit_pnode visiting 0x10a7d7200 kind=1 id=1655 succs=1 is_closer=0 prim=-1 target=
emit_pnode visiting 0x10a7d7600 kind=5 id=1653 succs=1 is_closer=1 prim=-1 target=
emit_pnode visiting 0x10a7d7a00 kind=4 id=1651 succs=1 is_closer=0 prim=-1 target=
emit_pnode visiting 0x10a7d7c00 kind=2 id=1650 succs=0 is_closer=1 prim=35 target=
emit_pnode visiting 0x10a7e0c00 kind=4 id=1674 succs=1 is_closer=0 prim=-1 target=
emit_pnode visiting 0x10a7df000 kind=5 id=1672 succs=1 is_closer=1 prim=-1 target=
emit_pnode SKIPPING 0x10a7df800 kind=4 id=1668 (already done)
emit_pnode visiting 0x10a7ddc00 kind=4 id=1658 succs=1 is_closer=0 prim=-1 target=
emit_pnode visiting 0x10a7d7000 kind=1 id=1656 succs=1 is_closer=0 prim=-1 target=
emit_pnode visiting 0x10a7d7400 kind=5 id=1654 succs=1 is_closer=1 prim=-1 target=
emit_pnode SKIPPING 0x10a7d7a00 kind=4 id=1651 (already done)
=== DUMPING _CG_f_1620_45 AT END OF emit_fun ===
define i1 @_CG_f_1620_45(ptr %0) {
entry:
  %1 = alloca ptr, align 8
  %2 = alloca i1, align 1
  %3 = call ptr @_CG_f_1336_59(ptr %0)
  store ptr %3, ptr %1, align 8
  %4 = load ptr, ptr %1, align 8
  store ptr %4, ptr %1, align 8
  br label %L160

L160:                                             ; preds = %L223, %entry
  %5 = load ptr, ptr %1, align 8
  %6 = call i1 @_CG_f_1232_50(ptr %5)
  br i1 %6, label %t_edge, label %f_edge

L224:                                             ; preds = %t_edge
  %7 = load ptr, ptr %1, align 8
  %8 = call i64 @_CG_f_1246_53(ptr %7)
  %9 = icmp eq i64 %8, 0
  %10 = call i1 @_CG_f_299_64(i1 %9)
  br i1 %10, label %t_edge1, label %f_edge2

L161:                                             ; preds = %f_edge
  store i1 false, ptr %2, align 1
  br label %L159

L159:                                             ; preds = %L161, %L222
  %11 = load i1, ptr %2, align 1
  ret i1 %11

L222:                                             ; preds = %t_edge1
  store i1 false, ptr %2, align 1
  br label %L159

L223:                                             ; preds = %f_edge2
  %12 = load ptr, ptr %1, align 8
  store ptr %12, ptr %1, align 8
  br label %L160

t_edge:                                           ; preds = %L160
  %13 = load ptr, ptr %1, align 8
  store ptr %13, ptr %1, align 8
  br label %L224

f_edge:                                           ; preds = %L160
  %14 = load ptr, ptr %1, align 8
  store ptr %14, ptr %1, align 8
  br label %L161

t_edge1:                                          ; preds = %L224
  %15 = load ptr, ptr %1, align 8
  store ptr %15, ptr %1, align 8
  br label %L222

f_edge2:                                          ; preds = %L224
  %16 = load ptr, ptr %1, align 8
  store ptr %16, ptr %1, align 8
  br label %L223
}
================================================
